\BOOKMARK [1][-]{section.1}{\376\377\000I\000n\000t\000r\000o\000d\000u\000c\000t\000i\000o\000n}{}% 1
\BOOKMARK [1][-]{section.2}{\376\377\000R\000e\000l\000a\000t\000e\000d\000\040\000W\000o\000r\000k}{}% 2
\BOOKMARK [1][-]{section.3}{\376\377\000C\000o\000n\000t\000r\000i\000b\000u\000t\000i\000o\000n\000s}{}% 3
\BOOKMARK [1][-]{section.4}{\376\377\000E\000x\000p\000l\000a\000i\000n\000i\000n\000g\000\040\000T\000h\000e\000\040\000R\000e\000f\000l\000e\000x\000i\000v\000e\000\040\000T\000e\000c\000h\000n\000i\000q\000u\000e\000\040\000W\000i\000t\000h\000\040\000M\000o\000n\000o\000i\000d\000s}{}% 4
\BOOKMARK [2][-]{subsection.4.1}{\376\377\000A\000\040\000`\000`\000T\000r\000i\000v\000i\000a\000l\000'\000'\000\040\000I\000d\000e\000n\000t\000i\000t\000y}{section.4}% 5
\BOOKMARK [2][-]{subsection.4.2}{\376\377\000A\000S\000T\000s\000\040\000f\000o\000r\000\040\000t\000h\000e\000\040\000L\000a\000n\000g\000u\000a\000g\000e\000\040\000o\000f\000\040\000M\000o\000n\000o\000i\000d\000s}{section.4}% 6
\BOOKMARK [2][-]{subsection.4.3}{\376\377\000C\000a\000n\000o\000n\000i\000c\000a\000l\000\040\000F\000o\000r\000m\000s}{section.4}% 7
\BOOKMARK [2][-]{subsection.4.4}{\376\377\000H\000o\000m\000o\000m\000o\000r\000p\000h\000i\000s\000m}{section.4}% 8
\BOOKMARK [2][-]{subsection.4.5}{\376\377\000U\000s\000a\000g\000e}{section.4}% 9
\BOOKMARK [3][-]{subsubsection.4.5.1}{\376\377\000R\000e\000f\000l\000e\000c\000t\000i\000o\000n}{subsection.4.5}% 10
\BOOKMARK [1][-]{section.5}{\376\377\000A\000\040\000P\000o\000l\000y\000n\000o\000m\000i\000a\000l\000\040\000S\000o\000l\000v\000e\000r}{}% 11
\BOOKMARK [2][-]{subsection.5.1}{\376\377\000C\000h\000o\000i\000c\000e\000\040\000o\000f\000\040\000A\000l\000g\000e\000b\000r\000a}{section.5}% 12
\BOOKMARK [2][-]{subsection.5.2}{\376\377\000H\000o\000r\000n\000e\000r\000\040\000N\000o\000r\000m\000a\000l\000\040\000F\000o\000r\000m}{section.5}% 13
\BOOKMARK [2][-]{subsection.5.3}{\376\377\000E\000l\000i\000m\000i\000n\000a\000t\000i\000n\000g\000\040\000R\000e\000d\000u\000n\000d\000a\000n\000c\000y}{section.5}% 14
\BOOKMARK [2][-]{subsection.5.4}{\376\377\000E\000f\000f\000i\000c\000i\000e\000n\000c\000y\000\040\000i\000n\000\040\000I\000n\000d\000e\000x\000e\000d\000\040\000T\000y\000p\000e\000s}{section.5}% 15
\BOOKMARK [2][-]{subsection.5.5}{\376\377\000A\000b\000s\000t\000r\000a\000c\000t\000i\000o\000n\000\040\000a\000n\000d\000\040\000F\000o\000l\000d\000s\000\040\000f\000o\000r\000\040\000S\000i\000m\000p\000l\000e\000r\000\040\000P\000r\000o\000o\000f\000s}{section.5}% 16
\BOOKMARK [1][-]{section.6}{\376\377\000R\000e\000f\000l\000e\000c\000t\000i\000o\000n}{}% 17
\BOOKMARK [1][-]{section.7}{\376\377\000S\000e\000t\000o\000i\000d\000\040\000A\000p\000p\000l\000i\000c\000a\000t\000i\000o\000n\000s}{}% 18
\BOOKMARK [2][-]{subsection.7.1}{\376\377\000I\000s\000o\000m\000o\000r\000p\000h\000i\000s\000m\000s}{section.7}% 19
\BOOKMARK [2][-]{subsection.7.2}{\376\377\000D\000i\000d\000a\000c\000t\000i\000c\000\040\000S\000o\000l\000u\000t\000i\000o\000n\000s}{section.7}% 20
\BOOKMARK [1][-]{section.8}{\376\377\000T\000h\000e\000\040\000C\000o\000r\000r\000e\000c\000t\000-\000B\000y\000-\000C\000o\000n\000s\000t\000r\000u\000c\000t\000i\000o\000n\000\040\000A\000p\000p\000r\000o\000a\000c\000h}{}% 21
